TN:
SF:script/Riff.s.sol
DA:13,0
FN:13,RiffScript.setUp
FNDA:0,RiffScript.setUp
DA:14,0
DA:15,0
DA:16,0
DA:19,0
FN:19,RiffScript.run
FNDA:0,RiffScript.run
DA:20,0
DA:21,0
DA:22,0
DA:23,0
DA:24,0
FNF:2
FNH:0
LF:10
LH:0
BRF:0
BRH:0
end_of_record
TN:
SF:src/Riff.sol
DA:48,8
FN:48,Riff.onlyViolinListener
FNDA:8,Riff.onlyViolinListener
DA:49,8
BRDA:49,0,0,1
BRDA:49,0,1,7
DA:56,6
FN:56,Riff.constructor
FNDA:6,Riff.constructor
DA:63,6
DA:64,6
DA:66,6
DA:67,6
DA:71,6
DA:80,6
FN:80,Riff.addLiquidity
FNDA:6,Riff.addLiquidity
DA:81,6
DA:82,6
DA:84,6
DA:85,6
DA:86,6
DA:87,6
DA:94,9
FN:94,Riff.swap
FNDA:9,Riff.swap
DA:98,9
DA:99,9
DA:101,9
DA:102,9
DA:108,18
FN:108,Riff._swap
FNDA:18,Riff._swap
DA:112,18
DA:113,18
DA:114,18
DA:116,18
DA:117,18
DA:119,18
DA:120,18
DA:121,18
DA:122,18
DA:128,8
FN:128,Riff.getPrice
FNDA:8,Riff.getPrice
DA:129,7
DA:135,7
FN:135,Riff._computePrice
FNDA:7,Riff._computePrice
DA:136,7
DA:142,43
FN:142,Riff.mulDivDown
FNDA:43,Riff.mulDivDown
DA:143,43
BRDA:143,1,0,-
BRDA:143,1,1,43
DA:147,43
FNF:8
FNH:8
LF:37
LH:37
BRF:4
BRH:3
end_of_record
TN:
SF:src/SRC20.sol
DA:49,12
FN:49,SRC20.constructor
FNDA:12,SRC20.constructor
DA:50,12
DA:51,12
DA:52,12
DA:58,10
FN:58,SRC20.balanceOf
FNDA:10,SRC20.balanceOf
DA:59,10
DA:62,21
FN:62,SRC20.approve
FNDA:21,SRC20.approve
DA:63,21
DA:64,21
DA:67,18
FN:67,SRC20.transfer
FNDA:18,SRC20.transfer
DA:69,18
DA:71,18
DA:73,18
DA:76,30
FN:76,SRC20.transferFrom
FNDA:30,SRC20.transferFrom
DA:77,30
DA:78,30
BRDA:78,0,0,30
DA:79,30
DA:82,30
DA:84,30
DA:86,30
DA:92,48
FN:92,SRC20._mint
FNDA:48,SRC20._mint
DA:93,48
DA:95,48
DA:99,0
FN:99,SRC20._burn
FNDA:0,SRC20._burn
DA:100,0
DA:101,0
FNF:7
FNH:6
LF:26
LH:23
BRF:1
BRH:1
end_of_record
TN:
SF:src/ViolinCoin.sol
DA:21,12
FN:21,ViolinCoin.constructor
FNDA:12,ViolinCoin.constructor
DA:24,12
DA:27,48
FN:27,ViolinCoin.onlyOwner
FNDA:48,ViolinCoin.onlyOwner
DA:28,48
BRDA:28,0,0,-
BRDA:28,0,1,48
DA:33,48
FN:33,ViolinCoin.mint
FNDA:48,ViolinCoin.mint
DA:34,48
DA:38,10
FN:38,ViolinCoin.balanceOf
FNDA:10,ViolinCoin.balanceOf
DA:39,10
DA:43,18
FN:43,ViolinCoin.transfer
FNDA:18,ViolinCoin.transfer
DA:44,18
DA:48,30
FN:48,ViolinCoin.transferFrom
FNDA:30,ViolinCoin.transferFrom
DA:49,30
FNF:6
FNH:6
LF:12
LH:12
BRF:2
BRH:1
end_of_record
